46388c01-15f8-49f4-9575-1226047a8357
    Bridge s2
        Controller "tcp:127.0.0.1:6633"
            is_connected: true
        fail_mode: secure
        Port s2-eth3
            Interface s2-eth3
        Port s2-eth1
            Interface s2-eth1
        Port s2-eth2
            Interface s2-eth2
        Port s2-eth5
            Interface s2-eth5
        Port s2-eth4
            Interface s2-eth4
        Port s2
            Interface s2
                type: internal
    Bridge s5
        Controller "tcp:127.0.0.1:6633"
            is_connected: true
        fail_mode: secure
        Port s5-eth2
            Interface s5-eth2
        Port s5-eth3
            Interface s5-eth3
        Port s5
            Interface s5
                type: internal
        Port s5-eth1
            Interface s5-eth1
    Bridge s3
        Controller "tcp:127.0.0.1:6633"
            is_connected: true
        fail_mode: secure
        Port s3-eth2
            Interface s3-eth2
        Port s3
            Interface s3
                type: internal
        Port s3-eth1
            Interface s3-eth1
    Bridge s1
        Controller "tcp:127.0.0.1:6633"
            is_connected: true
        fail_mode: secure
        Port s1-eth2
            Interface s1-eth2
        Port s1
            Interface s1
                type: internal
        Port s1-eth3
            Interface s1-eth3
        Port s1-eth1
            Interface s1-eth1
    Bridge s4
        Controller "tcp:127.0.0.1:6633"
            is_connected: true
        fail_mode: secure
        Port s4-eth2
            Interface s4-eth2
        Port s4-eth4
            Interface s4-eth4
        Port s4-eth3
            Interface s4-eth3
        Port s4-eth1
            Interface s4-eth1
        Port s4
            Interface s4
                type: internal
    Bridge s6
        Controller "tcp:127.0.0.1:6633"
            is_connected: true
        fail_mode: secure
        Port s6-eth2
            Interface s6-eth2
        Port s6-eth1
            Interface s6-eth1
        Port s6
            Interface s6
                type: internal
    Bridge s7
        Controller "tcp:127.0.0.1:6633"
            is_connected: true
        fail_mode: secure
        Port s7-eth1
            Interface s7-eth1
        Port s7
            Interface s7
                type: internal
        Port s7-eth3
            Interface s7-eth3
        Port s7-eth2
            Interface s7-eth2
        Port s7-eth4
            Interface s7-eth4
